[ 2015-03-09T14:25:02+08:00 ] ::1 /cakefox/index.php/Home/Index/cart
INFO: [ app_init ] --START--
INFO: Run Behavior\BuildLiteBehavior [ RunTime:0.000017s ]
INFO: [ app_init ] --END-- [ RunTime:0.002797s ]
INFO: [ app_begin ] --START--
INFO: Run Behavior\ReadHtmlCacheBehavior [ RunTime:0.003044s ]
INFO: [ app_begin ] --END-- [ RunTime:0.003137s ]
NOTIC: [8] A session had already been started - ignoring session_start() /Applications/MAMP/htdocs/public/cakefox/ThinkPHP/Common/functions.php 第 1261 行.
INFO: [ view_parse ] --START--
INFO: [ template_filter ] --START--
INFO: Run Behavior\ContentReplaceBehavior [ RunTime:0.000043s ]
INFO: [ template_filter ] --END-- [ RunTime:0.000128s ]
INFO: Run Behavior\ParseTemplateBehavior [ RunTime:0.022578s ]
INFO: [ view_parse ] --END-- [ RunTime:0.022662s ]
INFO: [ view_filter ] --START--
INFO: Run Behavior\WriteHtmlCacheBehavior [ RunTime:0.004513s ]
INFO: [ view_filter ] --END-- [ RunTime:0.004639s ]
INFO: [ app_end ] --START--
INFO: Run Behavior\ShowPageTraceBehavior [ RunTime:0.003456s ]
INFO: [ app_end ] --END-- [ RunTime:0.003604s ]

