[ 2015-03-04T14:43:29+08:00 ] 127.0.0.1 /cakefox/index.php/Home/Index
INFO: [ app_init ] --START--
INFO: Run Behavior\BuildLiteBehavior [ RunTime:0.000026s ]
INFO: [ app_init ] --END-- [ RunTime:0.002127s ]
INFO: [ app_begin ] --START--
INFO: Run Behavior\ReadHtmlCacheBehavior [ RunTime:0.000676s ]
INFO: [ app_begin ] --END-- [ RunTime:0.000784s ]
NOTIC: [8] A session had already been started - ignoring session_start() /Applications/MAMP/htdocs/public/cakefox/ThinkPHP/Common/functions.php 第 1261 行.
INFO: [ view_parse ] --START--
INFO: [ template_filter ] --START--
INFO: Run Behavior\ContentReplaceBehavior [ RunTime:0.000157s ]
INFO: [ template_filter ] --END-- [ RunTime:0.002409s ]
INFO: Run Behavior\ParseTemplateBehavior [ RunTime:0.029868s ]
INFO: [ view_parse ] --END-- [ RunTime:0.029960s ]
INFO: [ view_filter ] --START--
INFO: Run Behavior\WriteHtmlCacheBehavior [ RunTime:0.000114s ]
INFO: [ view_filter ] --END-- [ RunTime:0.000143s ]
INFO: [ app_end ] --START--
INFO: Run Behavior\ShowPageTraceBehavior [ RunTime:0.000140s ]
INFO: [ app_end ] --END-- [ RunTime:0.000176s ]

