[ 2015-05-27T20:37:42+08:00 ] ::1 /cakefox/index.php/Home/Index
INFO: [ app_init ] --START--
INFO: Run Behavior\BuildLiteBehavior [ RunTime:0.000030s ]
INFO: [ app_init ] --END-- [ RunTime:0.005999s ]
INFO: [ app_begin ] --START--
INFO: Run Behavior\ReadHtmlCacheBehavior [ RunTime:0.004796s ]
INFO: [ app_begin ] --END-- [ RunTime:0.004984s ]
NOTIC: [8] A session had already been started - ignoring session_start() /Applications/MAMP/htdocs/public/cakefox/ThinkPHP/Common/functions.php 第 1261 行.
INFO: [ view_parse ] --START--
NOTIC: [2] file_get_contents(./Application/Home/View/Index/loginwindow.html) [<a href='function.file-get-contents'>function.file-get-contents</a>]: failed to open stream: No such file or directory /Applications/MAMP/htdocs/public/cakefox/ThinkPHP/Library/Think/Template.class.php 第 696 行.
INFO: [ template_filter ] --START--
INFO: Run Behavior\ContentReplaceBehavior [ RunTime:0.000118s ]
INFO: [ template_filter ] --END-- [ RunTime:0.000256s ]
NOTIC: [8] Undefined variable: islogin /Applications/MAMP/htdocs/public/cakefox/Application/Runtime/Cache/Home/2a94b8bda04ff446dcedd42276fc99ee.php 第 39 行.
NOTIC: [8] Undefined variable: goods /Applications/MAMP/htdocs/public/cakefox/Application/Runtime/Cache/Home/2a94b8bda04ff446dcedd42276fc99ee.php 第 119 行.
NOTIC: [8] Undefined variable: islogin /Applications/MAMP/htdocs/public/cakefox/Application/Runtime/Cache/Home/2a94b8bda04ff446dcedd42276fc99ee.php 第 181 行.
INFO: Run Behavior\ParseTemplateBehavior [ RunTime:0.037366s ]
INFO: [ view_parse ] --END-- [ RunTime:0.037516s ]
INFO: [ view_filter ] --START--
INFO: Run Behavior\WriteHtmlCacheBehavior [ RunTime:0.002581s ]
INFO: [ view_filter ] --END-- [ RunTime:0.002637s ]
INFO: [ app_end ] --START--
INFO: Run Behavior\ShowPageTraceBehavior [ RunTime:0.006097s ]
INFO: [ app_end ] --END-- [ RunTime:0.006233s ]

