[ 2015-04-06T21:33:17+08:00 ] 127.0.0.1 /cakefox/index.php/Index/Home/order.html
INFO: [ app_init ] --START--
INFO: Run Behavior\BuildLiteBehavior [ RunTime:0.000012s ]
INFO: [ app_init ] --END-- [ RunTime:0.000129s ]
ERR: 无法加载模块:Index

[ 2015-04-06T21:33:51+08:00 ] 127.0.0.1 /cakefox/index.php/Index/Home/payment.html
INFO: [ app_init ] --START--
INFO: Run Behavior\BuildLiteBehavior [ RunTime:0.000009s ]
INFO: [ app_init ] --END-- [ RunTime:0.000077s ]
ERR: 无法加载模块:Index

[ 2015-04-06T22:02:40+08:00 ] 127.0.0.1 /cakefox/Public/img/caifutong.png
INFO: [ app_init ] --START--
INFO: Run Behavior\BuildLiteBehavior [ RunTime:0.000023s ]
INFO: [ app_init ] --END-- [ RunTime:0.000203s ]
ERR: 无法加载模块:Public

[ 2015-04-06T22:02:40+08:00 ] 127.0.0.1 /cakefox/Public/img/caifutong.png
INFO: [ app_init ] --START--
INFO: Run Behavior\BuildLiteBehavior [ RunTime:0.000009s ]
INFO: [ app_init ] --END-- [ RunTime:0.000064s ]
ERR: 无法加载模块:Public

